Build started 1/26/2016 9:48:37 AM.
     1>Project "C:\Users\100493157\Documents\csci3090u\labs\Lab 2\part 1\Example4.vcxproj" on node 2 (Build target(s)).
     1>ClCompile:
         C:\Program Files (x86)\Microsoft Visual Studio 12.0\VC\bin\CL.exe /c /I"C:\CSCI 3090\glm" /I"C:\CSCI 3090\glew\include" /I"C:\CSCI 3090\freeglut\include" /ZI /nologo /W3 /WX- /Od /Oy- /D WIN32 /D _DEBUG /D _CONSOLE /D _UNICODE /D UNICODE /Gm /EHsc /RTC1 /MDd /GS /fp:precise /Zc:wchar_t /Zc:forScope /Fo"Debug\\" /Fd"Debug\vc120.pdb" /Gd /TP /analyze- /errorReport:prompt main.cpp
         main.cpp
     1>c:\users\100493157\documents\csci3090u\labs\lab 2\part 1\main.cpp(144): warning C4244: 'initializing' : conversion from 'double' to 'float', possible loss of data
     1>c:\users\100493157\documents\csci3090u\labs\lab 2\part 1\main.cpp(210): warning C4244: '=' : conversion from 'double' to 'float', possible loss of data
     1>c:\users\100493157\documents\csci3090u\labs\lab 2\part 1\main.cpp(211): warning C4244: '=' : conversion from 'double' to 'float', possible loss of data
     1>c:\users\100493157\documents\csci3090u\labs\lab 2\part 1\main.cpp(212): warning C4244: '=' : conversion from 'double' to 'float', possible loss of data
         GLM: perspective function taking degrees as a parameter is deprecated. #define GLM_FORCE_RADIANS before including GLM headers to remove this message.
     1>c:\users\100493157\documents\csci3090u\labs\lab 2\part 1\main.cpp(99): warning C4700: uninitialized local variable 'nn' used
     1>c:\users\100493157\documents\csci3090u\labs\lab 2\part 1\main.cpp(101): warning C4700: uninitialized local variable 'normals' used
     1>c:\users\100493157\documents\csci3090u\labs\lab 2\part 1\main.cpp(108): warning C4700: uninitialized local variable 'indices' used
     1>c:\users\100493157\documents\csci3090u\labs\lab 2\part 1\main.cpp(108): warning C4700: uninitialized local variable 'ni' used
       Link:
         C:\Program Files (x86)\Microsoft Visual Studio 12.0\VC\bin\link.exe /ERRORREPORT:PROMPT /OUT:"C:\Users\100493157\Documents\csci3090u\labs\Lab 2\part 1\Debug\Example4.exe" /INCREMENTAL /NOLOGO /LIBPATH:"C:\CSCI 3090\glew\lib\Release\Win32" /LIBPATH:"C:\CSCI 3090\freeglut\lib\x86\Debug" freeglut.lib glew32.lib kernel32.lib user32.lib gdi32.lib winspool.lib comdlg32.lib advapi32.lib shell32.lib ole32.lib oleaut32.lib uuid.lib odbc32.lib odbccp32.lib /MANIFEST /MANIFESTUAC:"level='asInvoker' uiAccess='false'" /manifest:embed /DEBUG /PDB:"C:\Users\100493157\Documents\csci3090u\labs\Lab 2\part 1\Debug\Example4.pdb" /SUBSYSTEM:CONSOLE /TLBID:1 /DYNAMICBASE /NXCOMPAT /IMPLIB:"C:\Users\100493157\Documents\csci3090u\labs\Lab 2\part 1\Debug\Example4.lib" /MACHINE:X86 Debug\main.obj
         Debug\Shaders.obj
     1>main.obj : error LNK2019: unresolved external symbol "class std::basic_string<char,struct std::char_traits<char>,class std::allocator<char> > __cdecl tinyobj::LoadObj(class std::vector<struct tinyobj::shape_t,class std::allocator<struct tinyobj::shape_t> > &,class std::vector<struct tinyobj::material_t,class std::allocator<struct tinyobj::material_t> > &,char const *,char const *)" (?LoadObj@tinyobj@@YA?AV?$basic_string@DU?$char_traits@D@std@@V?$allocator@D@2@@std@@AAV?$vector@Ushape_t@tinyobj@@V?$allocator@Ushape_t@tinyobj@@@std@@@3@AAV?$vector@Umaterial_t@tinyobj@@V?$allocator@Umaterial_t@tinyobj@@@std@@@3@PBD2@Z) referenced in function "void __cdecl init(void)" (?init@@YAXXZ)
     1>C:\Users\100493157\Documents\csci3090u\labs\Lab 2\part 1\Debug\Example4.exe : fatal error LNK1120: 1 unresolved externals
     1>Done Building Project "C:\Users\100493157\Documents\csci3090u\labs\Lab 2\part 1\Example4.vcxproj" (Build target(s)) -- FAILED.

Build FAILED.

Time Elapsed 00:00:01.12
