c:\csci 3090\example4\debug\vc120.pdb
c:\csci 3090\example4\debug\vc120.idb
c:\csci 3090\example4\debug\main.obj
c:\csci 3090\example4\debug\shaders.obj
c:\users\100493157\desktop\example4\debug\vc120.pdb
c:\users\100493157\desktop\example4\debug\vc120.idb
c:\users\100493157\desktop\example4\debug\main.obj
c:\users\100493157\desktop\example4\debug\shaders.obj
c:\csci 3090\example4\debug\example4.ilk
c:\csci 3090\example4\debug\example4.exe
c:\csci 3090\example4\debug\example4.pdb
c:\users\100493157\desktop\example4\debug\example4.ilk
c:\users\100493157\desktop\example4\debug\example4.exe
c:\users\100493157\desktop\example4\debug\example4.pdb
c:\users\100493157\desktop\example4\debug\example4.tlog\cl.command.1.tlog
c:\users\100493157\desktop\example4\debug\example4.tlog\cl.read.1.tlog
c:\users\100493157\desktop\example4\debug\example4.tlog\cl.write.1.tlog
c:\users\100493157\desktop\example4\debug\example4.tlog\link.command.1.tlog
c:\users\100493157\desktop\example4\debug\example4.tlog\link.read.1.tlog
c:\users\100493157\desktop\example4\debug\example4.tlog\link.write.1.tlog
