Build started 2/2/2016 9:09:49 AM.
     1>Project "C:\Users\100493157\Documents\csci3090u\csci3090u-computer-graphics-and-visualization\labs\Lab_3\Example5.vcxproj" on node 2 (Build target(s)).
     1>C:\Program Files (x86)\MSBuild\Microsoft.Cpp\v4.0\V120\Microsoft.CppBuild.targets(381,5): warning MSB8028: The intermediate directory (Debug\) contains files shared from another project (Example5.vcxproj).  This can lead to incorrect clean and rebuild behavior.
     1>ClCompile:
         C:\Program Files (x86)\Microsoft Visual Studio 12.0\VC\bin\CL.exe /c /I"C:\CSCI 3090\glm" /I"C:\CSCI 3090\glew\include" /I"C:\CSCI 3090\freeglut\include" /ZI /nologo /W3 /WX- /Od /Oy- /D WIN32 /D _DEBUG /D _CONSOLE /D _UNICODE /D UNICODE /Gm /EHsc /RTC1 /MDd /GS /fp:precise /Zc:wchar_t /Zc:forScope /Fo"Debug\\" /Fd"Debug\vc120.pdb" /Gd /TP /analyze- /errorReport:prompt Shaders.cpp main.cpp
         main.cpp
     1>c:\users\100493157\documents\csci3090u\csci3090u-computer-graphics-and-visualization\labs\lab_3\main.cpp(82): warning C4244: '=' : conversion from 'double' to 'GLfloat', possible loss of data
     1>c:\users\100493157\documents\csci3090u\csci3090u-computer-graphics-and-visualization\labs\lab_3\main.cpp(83): warning C4244: '=' : conversion from 'double' to 'GLfloat', possible loss of data
     1>c:\users\100493157\documents\csci3090u\csci3090u-computer-graphics-and-visualization\labs\lab_3\main.cpp(90): warning C4244: '=' : conversion from 'double' to 'GLfloat', possible loss of data
     1>c:\users\100493157\documents\csci3090u\csci3090u-computer-graphics-and-visualization\labs\lab_3\main.cpp(92): warning C4244: '=' : conversion from 'double' to 'GLfloat', possible loss of data
     1>c:\users\100493157\documents\csci3090u\csci3090u-computer-graphics-and-visualization\labs\lab_3\main.cpp(93): warning C4244: '=' : conversion from 'double' to 'GLfloat', possible loss of data
     1>c:\users\100493157\documents\csci3090u\csci3090u-computer-graphics-and-visualization\labs\lab_3\main.cpp(94): warning C4244: '=' : conversion from 'double' to 'GLfloat', possible loss of data
     1>c:\users\100493157\documents\csci3090u\csci3090u-computer-graphics-and-visualization\labs\lab_3\main.cpp(190): warning C4244: 'initializing' : conversion from 'double' to 'float', possible loss of data
     1>c:\users\100493157\documents\csci3090u\csci3090u-computer-graphics-and-visualization\labs\lab_3\main.cpp(200): warning C4305: 'initializing' : truncation from 'double' to 'float'
     1>c:\users\100493157\documents\csci3090u\csci3090u-computer-graphics-and-visualization\labs\lab_3\main.cpp(201): warning C4305: 'initializing' : truncation from 'double' to 'float'
     1>c:\users\100493157\documents\csci3090u\csci3090u-computer-graphics-and-visualization\labs\lab_3\main.cpp(333): warning C4305: '-=' : truncation from 'double' to 'float'
     1>c:\users\100493157\documents\csci3090u\csci3090u-computer-graphics-and-visualization\labs\lab_3\main.cpp(336): warning C4305: '+=' : truncation from 'double' to 'float'
     1>c:\users\100493157\documents\csci3090u\csci3090u-computer-graphics-and-visualization\labs\lab_3\main.cpp(339): warning C4305: '+=' : truncation from 'double' to 'float'
     1>c:\users\100493157\documents\csci3090u\csci3090u-computer-graphics-and-visualization\labs\lab_3\main.cpp(342): warning C4305: '-=' : truncation from 'double' to 'float'
         GLM: perspective function taking degrees as a parameter is deprecated. #define GLM_FORCE_RADIANS before including GLM headers to remove this message.
         GLM: rotate function taking degrees as a parameter is deprecated. #define GLM_FORCE_RADIANS before including GLM headers to remove this message.
         Generating Code...
         Skipping... (no relevant changes detected)
         Shaders.cpp
       Link:
         C:\Program Files (x86)\Microsoft Visual Studio 12.0\VC\bin\link.exe /ERRORREPORT:PROMPT /OUT:"C:\Users\100493157\Documents\csci3090u\csci3090u-computer-graphics-and-visualization\labs\Lab_3\Debug\Lab3.exe" /INCREMENTAL /NOLOGO /LIBPATH:"C:\CSCI 3090\glew\lib\Release\Win32" /LIBPATH:"C:\CSCI 3090\freeglut\lib\x86\Debug" freeglut.lib glew32.lib kernel32.lib user32.lib gdi32.lib winspool.lib comdlg32.lib advapi32.lib shell32.lib ole32.lib oleaut32.lib uuid.lib odbc32.lib odbccp32.lib /MANIFEST /MANIFESTUAC:"level='asInvoker' uiAccess='false'" /manifest:embed /DEBUG /PDB:"C:\Users\100493157\Documents\csci3090u\csci3090u-computer-graphics-and-visualization\labs\Lab_3\Debug\Lab3.pdb" /SUBSYSTEM:CONSOLE /TLBID:1 /DYNAMICBASE /NXCOMPAT /IMPLIB:"C:\Users\100493157\Documents\csci3090u\csci3090u-computer-graphics-and-visualization\labs\Lab_3\Debug\Lab3.lib" /MACHINE:X86 Debug\main.obj
         Debug\Shaders.obj
         Example5.vcxproj -> C:\Users\100493157\Documents\csci3090u\csci3090u-computer-graphics-and-visualization\labs\Lab_3\Debug\Lab3.exe
     1>Done Building Project "C:\Users\100493157\Documents\csci3090u\csci3090u-computer-graphics-and-visualization\labs\Lab_3\Example5.vcxproj" (Build target(s)).

Build succeeded.

Time Elapsed 00:00:01.16
